Using pre-set license
Built from '2020.3/staging' branch; Version is '2020.3.9f1 (108be757e447) revision 1084391'; Using compiler version '192528614'; Build Type 'Release'
OS: 'Windows 10 Education; OS build 19041.985; Version 2004; 64bit' Language: 'en' Physical Memory: 32709 MB
BatchMode: 1, IsHumanControllingUs: 0, StartBugReporterOnCrash: 0, Is64bit: 1, IsPro: 0

 COMMAND LINE ARGUMENTS:
F:\Unity\2020.3.9f1\Editor\Unity.exe
-adb2
-batchMode
-noUpm
-name
AssetImportWorker0
-projectPath
F:/GitHub/NuitBlancheFellowship
-logFile
Logs/AssetImportWorker0.log
-srvPort
54178
Successfully changed project path to: F:/GitHub/NuitBlancheFellowship
F:/GitHub/NuitBlancheFellowship
Using Asset Import Pipeline V2.
Refreshing native plugins compatible for Editor in 45.42 ms, found 2 plugins.
Preloading 0 native plugins for Editor in 0.00 ms.
Initialize engine version: 2020.3.9f1 (108be757e447)
[Subsystems] Discovering subsystems at path F:/Unity/2020.3.9f1/Editor/Data/Resources/UnitySubsystems
[Subsystems] Discovering subsystems at path F:/GitHub/NuitBlancheFellowship/Assets
GfxDevice: creating device client; threaded=0
Direct3D:
    Version:  Direct3D 11.0 [level 11.1]
    Renderer: NVIDIA GeForce GTX 1060 6GB (ID=0x1c03)
    Vendor:   
    VRAM:     6052 MB
    Driver:   27.21.14.6231
Initialize mono
Mono path[0] = 'F:/Unity/2020.3.9f1/Editor/Data/Managed'
Mono path[1] = 'F:/Unity/2020.3.9f1/Editor/Data/MonoBleedingEdge/lib/mono/unityjit'
Mono config path = 'F:/Unity/2020.3.9f1/Editor/Data/MonoBleedingEdge/etc'
Using monoOptions --debugger-agent=transport=dt_socket,embedding=1,server=y,suspend=n,address=127.0.0.1:56464
Begin MonoManager ReloadAssembly
Registering precompiled unity dll's ...
Register platform support module: F:/Unity/2020.3.9f1/Editor/Data/PlaybackEngines/WebGLSupport/UnityEditor.WebGL.Extensions.dll
Register platform support module: F:/Unity/2020.3.9f1/Editor/Data/PlaybackEngines/MacStandaloneSupport/UnityEditor.OSXStandalone.Extensions.dll
Register platform support module: F:/Unity/2020.3.9f1/Editor/Data/PlaybackEngines/WindowsStandaloneSupport/UnityEditor.WindowsStandalone.Extensions.dll
Registered in 0.002542 seconds.
Native extension for WindowsStandalone target not found
Native extension for OSXStandalone target not found
Native extension for WebGL target not found
Refreshing native plugins compatible for Editor in 34.15 ms, found 2 plugins.
Preloading 0 native plugins for Editor in 0.00 ms.
Mono: successfully reloaded assembly
- Completed reload, in  2.604 seconds
Platform modules already initialized, skipping
Registering precompiled user dll's ...
Registered in 0.002826 seconds.
Begin MonoManager ReloadAssembly
Native extension for WindowsStandalone target not found
Native extension for OSXStandalone target not found
Native extension for WebGL target not found
Refreshing native plugins compatible for Editor in 0.67 ms, found 2 plugins.
Preloading 0 native plugins for Editor in 0.00 ms.
RefreshInfo: StopAssetImportingV2(NoUpdateAssetOptions) scanfilter: 
RefreshProfiler: Total: 0.000ms
RefreshInfo: StopAssetImportingV2(NoUpdateAssetOptions) scanfilter: 
RefreshProfiler: Total: 0.000ms
Mono: successfully reloaded assembly
- Completed reload, in  0.960 seconds
Platform modules already initialized, skipping
========================================================================
Worker process is ready to serve import requests
Launched and connected shader compiler UnityShaderCompiler.exe after 0.04 seconds
Refreshing native plugins compatible for Editor in 0.61 ms, found 2 plugins.
Preloading 0 native plugins for Editor in 0.00 ms.
Unloading 3 Unused Serialized files (Serialized files now loaded: 0)
System memory in use before: 57.0 MB.
System memory in use after: 57.1 MB.

Unloading 151 unused Assets to reduce memory usage. Loaded Objects now: 2306.
Total: 2.234200 ms (FindLiveObjects: 0.186700 ms CreateObjectMapping: 0.069500 ms MarkObjects: 1.765900 ms  DeleteObjects: 0.211100 ms)

========================================================================
Received Import Request.
  path: Assets/_Scripts
  artifactKey: Guid(0e90269f87316ab46a792147f0fbb2e0) Importer(815301076,1909f56bfc062723c751e8b465ee728b)
Start importing Assets/_Scripts using Guid(0e90269f87316ab46a792147f0fbb2e0) Importer(815301076,1909f56bfc062723c751e8b465ee728b)  -> (artifact id: 'e0f195e836156f45935e0545b6587285') in 0.019957 seconds
  Import took 0.022449 seconds .

========================================================================
Received Import Request.
  Time since last request: 30.547432 seconds.
  path: Assets/Photon/PhotonUnityNetworking/Demos/DemoAsteroids/Materials/FlyerPlayership.mat
  artifactKey: Guid(99fced4bc2985174cac8512dc765d2bc) Importer(815301076,1909f56bfc062723c751e8b465ee728b)
Start importing Assets/Photon/PhotonUnityNetworking/Demos/DemoAsteroids/Materials/FlyerPlayership.mat using Guid(99fced4bc2985174cac8512dc765d2bc) Importer(815301076,1909f56bfc062723c751e8b465ee728b)  -> (artifact id: '391fe247c6c860e65dfd16ff2ac7224a') in 0.155778 seconds
  Import took 0.158451 seconds .

========================================================================
Received Import Request.
  Time since last request: 0.000197 seconds.
  path: Assets/Photon/PhotonUnityNetworking/UtilityScripts/PhotonPlayer/Editor/PhotonUnityNetworking.Utilities.PhotonPlayer.Editor.asmdef
  artifactKey: Guid(7024f760fc566cf45a16d2c838e22b2d) Importer(815301076,1909f56bfc062723c751e8b465ee728b)
Start importing Assets/Photon/PhotonUnityNetworking/UtilityScripts/PhotonPlayer/Editor/PhotonUnityNetworking.Utilities.PhotonPlayer.Editor.asmdef using Guid(7024f760fc566cf45a16d2c838e22b2d) Importer(815301076,1909f56bfc062723c751e8b465ee728b)  -> (artifact id: '3a1cd2b8356711f05bbaf9e18105bf71') in 0.007348 seconds
  Import took 0.009719 seconds .

========================================================================
Received Import Request.
  Time since last request: 0.000238 seconds.
  path: Assets/Photon/PhotonUnityNetworking/Demos/DemoAsteroids/Textures/FlyerPlayershipOcclusion.tif
  artifactKey: Guid(34b19bc20b665b240af9c0fc9d0086f6) Importer(815301076,1909f56bfc062723c751e8b465ee728b)
Start importing Assets/Photon/PhotonUnityNetworking/Demos/DemoAsteroids/Textures/FlyerPlayershipOcclusion.tif using Guid(34b19bc20b665b240af9c0fc9d0086f6) Importer(815301076,1909f56bfc062723c751e8b465ee728b)  -> (artifact id: 'e29cebefb40a821d7556b62dffc6e4ca') in 0.018896 seconds
  Import took 0.021747 seconds .

========================================================================
Received Import Request.
  Time since last request: 0.000230 seconds.
  path: Assets/Photon/PhotonUnityNetworking/Demos/DemoAsteroids/Textures/FlyerPlayershipAlbedo.tif
  artifactKey: Guid(b28381ec2a3dce5459a8fd396a0eb560) Importer(815301076,1909f56bfc062723c751e8b465ee728b)
Start importing Assets/Photon/PhotonUnityNetworking/Demos/DemoAsteroids/Textures/FlyerPlayershipAlbedo.tif using Guid(b28381ec2a3dce5459a8fd396a0eb560) Importer(815301076,1909f56bfc062723c751e8b465ee728b)  -> (artifact id: '02efd6facdc5c00e68535e8e2f3c59cf') in 0.011296 seconds
  Import took 0.013663 seconds .

========================================================================
Received Import Request.
  Time since last request: 0.000206 seconds.
  path: Assets/Photon/PhotonUnityNetworking/Demos/DemoAsteroids/Textures/FlyerPlayershipEmission.tif
  artifactKey: Guid(88217866776ce4c49944ecb360a5c6ca) Importer(815301076,1909f56bfc062723c751e8b465ee728b)
Start importing Assets/Photon/PhotonUnityNetworking/Demos/DemoAsteroids/Textures/FlyerPlayershipEmission.tif using Guid(88217866776ce4c49944ecb360a5c6ca) Importer(815301076,1909f56bfc062723c751e8b465ee728b)  -> (artifact id: '41965189b55a14ba15e6d9f0e0f1dcc2') in 0.010703 seconds
  Import took 0.013154 seconds .

========================================================================
Received Import Request.
  Time since last request: 0.000236 seconds.
  path: Assets/Photon/PhotonUnityNetworking/Demos/Shared Assets/Materials/PlayerDiamond.mat
  artifactKey: Guid(c597444fc6a08854d89baeeff4ba511d) Importer(815301076,1909f56bfc062723c751e8b465ee728b)
Start importing Assets/Photon/PhotonUnityNetworking/Demos/Shared Assets/Materials/PlayerDiamond.mat using Guid(c597444fc6a08854d89baeeff4ba511d) Importer(815301076,1909f56bfc062723c751e8b465ee728b)  -> (artifact id: '0f8f771658987224f54ceb5f75ffcca8') in 0.049557 seconds
  Import took 0.059772 seconds .

========================================================================
Received Import Request.
  Time since last request: 6.159113 seconds.
  path: Assets/Photon/PhotonUnityNetworking/Resources/Player.prefab
  artifactKey: Guid(0e8c6bdc0afa17b4983de3545af8e470) Importer(815301076,1909f56bfc062723c751e8b465ee728b)
Start importing Assets/Photon/PhotonUnityNetworking/Resources/Player.prefab using Guid(0e8c6bdc0afa17b4983de3545af8e470) Importer(815301076,1909f56bfc062723c751e8b465ee728b)  -> (artifact id: 'a7168a542676c485ab737fc506654429') in 0.035909 seconds
  Import took 0.038726 seconds .

========================================================================
Received Prepare
Registering precompiled user dll's ...
Registered in 0.002626 seconds.
Begin MonoManager ReloadAssembly
Native extension for WindowsStandalone target not found
Native extension for OSXStandalone target not found
Native extension for WebGL target not found
Refreshing native plugins compatible for Editor in 0.67 ms, found 2 plugins.
Preloading 0 native plugins for Editor in 0.00 ms.
RefreshInfo: StopAssetImportingV2(NoUpdateAssetOptions) scanfilter: 
RefreshProfiler: Total: 0.000ms
RefreshInfo: StopAssetImportingV2(NoUpdateAssetOptions) scanfilter: 
RefreshProfiler: Total: 0.000ms
Mono: successfully reloaded assembly
- Completed reload, in  0.900 seconds
Platform modules already initialized, skipping
Refreshing native plugins compatible for Editor in 0.67 ms, found 2 plugins.
Preloading 0 native plugins for Editor in 0.00 ms.
Unloading 1 Unused Serialized files (Serialized files now loaded: 0)
System memory in use before: 60.3 MB.
System memory in use after: 60.5 MB.

Unloading 147 unused Assets to reduce memory usage. Loaded Objects now: 2355.
Total: 2.041800 ms (FindLiveObjects: 0.241000 ms CreateObjectMapping: 0.077100 ms MarkObjects: 1.619300 ms  DeleteObjects: 0.103600 ms)

========================================================================
Received Import Request.
  Time since last request: 555.211204 seconds.
  path: Assets/Photon/PhotonUnityNetworking/Resources/Player.prefab
  artifactKey: Guid(0e8c6bdc0afa17b4983de3545af8e470) Importer(815301076,1909f56bfc062723c751e8b465ee728b)
Start importing Assets/Photon/PhotonUnityNetworking/Resources/Player.prefab using Guid(0e8c6bdc0afa17b4983de3545af8e470) Importer(815301076,1909f56bfc062723c751e8b465ee728b)  -> (artifact id: '1e6feafc51607cf578dd6e68a13b7a57') in 0.059539 seconds
  Import took 0.062227 seconds .

========================================================================
Received Prepare
Registering precompiled user dll's ...
Registered in 0.002746 seconds.
Begin MonoManager ReloadAssembly
Native extension for WindowsStandalone target not found
Native extension for OSXStandalone target not found
Native extension for WebGL target not found
Refreshing native plugins compatible for Editor in 0.66 ms, found 2 plugins.
Preloading 0 native plugins for Editor in 0.00 ms.
RefreshInfo: StopAssetImportingV2(NoUpdateAssetOptions) scanfilter: 
RefreshProfiler: Total: 0.000ms
RefreshInfo: StopAssetImportingV2(NoUpdateAssetOptions) scanfilter: 
RefreshProfiler: Total: 0.000ms
Mono: successfully reloaded assembly
- Completed reload, in  0.867 seconds
Platform modules already initialized, skipping
Refreshing native plugins compatible for Editor in 0.77 ms, found 2 plugins.
Preloading 0 native plugins for Editor in 0.00 ms.
Unloading 1 Unused Serialized files (Serialized files now loaded: 0)
System memory in use before: 60.4 MB.
System memory in use after: 60.5 MB.

Unloading 147 unused Assets to reduce memory usage. Loaded Objects now: 2359.
Total: 2.017000 ms (FindLiveObjects: 0.189200 ms CreateObjectMapping: 0.063000 ms MarkObjects: 1.668100 ms  DeleteObjects: 0.095900 ms)

========================================================================
Received Import Request.
  Time since last request: 1182.792653 seconds.
  path: Assets/_Scripts/Footprint.cs
  artifactKey: Guid(3f9fd3f46bed5664682ee9e43efd1868) Importer(815301076,1909f56bfc062723c751e8b465ee728b)
Start importing Assets/_Scripts/Footprint.cs using Guid(3f9fd3f46bed5664682ee9e43efd1868) Importer(815301076,1909f56bfc062723c751e8b465ee728b)  -> (artifact id: 'c352ba3dd041c4de1b779b5b93d948bf') in 0.010867 seconds
  Import took 0.013630 seconds .

========================================================================
Received Prepare
Registering precompiled user dll's ...
Registered in 0.002688 seconds.
Begin MonoManager ReloadAssembly
Native extension for WindowsStandalone target not found
Native extension for OSXStandalone target not found
Native extension for WebGL target not found
Refreshing native plugins compatible for Editor in 0.77 ms, found 2 plugins.
Preloading 0 native plugins for Editor in 0.00 ms.
RefreshInfo: StopAssetImportingV2(NoUpdateAssetOptions) scanfilter: 
RefreshProfiler: Total: 0.000ms
RefreshInfo: StopAssetImportingV2(NoUpdateAssetOptions) scanfilter: 
RefreshProfiler: Total: 0.000ms
Mono: successfully reloaded assembly
- Completed reload, in  0.906 seconds
Platform modules already initialized, skipping
Refreshing native plugins compatible for Editor in 0.97 ms, found 2 plugins.
Preloading 0 native plugins for Editor in 0.00 ms.
Unloading 2 Unused Serialized files (Serialized files now loaded: 0)
System memory in use before: 60.4 MB.
System memory in use after: 60.6 MB.

Unloading 146 unused Assets to reduce memory usage. Loaded Objects now: 2363.
Total: 2.572700 ms (FindLiveObjects: 0.164300 ms CreateObjectMapping: 0.063200 ms MarkObjects: 2.232600 ms  DeleteObjects: 0.111900 ms)

========================================================================
Received Prepare
Registering precompiled user dll's ...
Registered in 0.004083 seconds.
Begin MonoManager ReloadAssembly
Native extension for WindowsStandalone target not found
Native extension for OSXStandalone target not found
Native extension for WebGL target not found
Refreshing native plugins compatible for Editor in 0.67 ms, found 2 plugins.
Preloading 0 native plugins for Editor in 0.00 ms.
RefreshInfo: StopAssetImportingV2(NoUpdateAssetOptions) scanfilter: 
RefreshProfiler: Total: 0.000ms
RefreshInfo: StopAssetImportingV2(NoUpdateAssetOptions) scanfilter: 
RefreshProfiler: Total: 0.000ms
Mono: successfully reloaded assembly
- Completed reload, in  0.844 seconds
Platform modules already initialized, skipping
Refreshing native plugins compatible for Editor in 0.68 ms, found 2 plugins.
Preloading 0 native plugins for Editor in 0.00 ms.
Unloading 1 Unused Serialized files (Serialized files now loaded: 0)
System memory in use before: 60.4 MB.
System memory in use after: 60.6 MB.

Unloading 146 unused Assets to reduce memory usage. Loaded Objects now: 2366.
Total: 2.091800 ms (FindLiveObjects: 0.178100 ms CreateObjectMapping: 0.048700 ms MarkObjects: 1.760000 ms  DeleteObjects: 0.104000 ms)

========================================================================
Received Import Request.
  Time since last request: 493.379733 seconds.
  path: Assets/_TerrainAutoUpgrade/layer_UnitTextureBluecc0f254a2c535401.terrainlayer
  artifactKey: Guid(2061c8b61e59473438f65427f463d902) Importer(815301076,1909f56bfc062723c751e8b465ee728b)
Start importing Assets/_TerrainAutoUpgrade/layer_UnitTextureBluecc0f254a2c535401.terrainlayer using Guid(2061c8b61e59473438f65427f463d902) Importer(815301076,1909f56bfc062723c751e8b465ee728b)  -> (artifact id: '3b5142d8888ffb1599cdcf4435351320') in 0.170665 seconds
  Import took 0.173663 seconds .

========================================================================
Received Import Request.
  Time since last request: 0.000188 seconds.
  path: Assets/_TerrainAutoUpgrade/layer_UnitTextureRedcc0f254a2c535401.terrainlayer
  artifactKey: Guid(f605a3b55a950a140bcc898819ebbfff) Importer(815301076,1909f56bfc062723c751e8b465ee728b)
Start importing Assets/_TerrainAutoUpgrade/layer_UnitTextureRedcc0f254a2c535401.terrainlayer using Guid(f605a3b55a950a140bcc898819ebbfff) Importer(815301076,1909f56bfc062723c751e8b465ee728b)  -> (artifact id: '22c6b2db0e3549d70a088345d5eec8c1') in 0.055084 seconds
  Import took 0.057611 seconds .

========================================================================
Received Import Request.
  Time since last request: 10.817234 seconds.
  path: Assets/Sprites
  artifactKey: Guid(e35e9974776f5924f994b4030e4efd25) Importer(815301076,1909f56bfc062723c751e8b465ee728b)
Start importing Assets/Sprites using Guid(e35e9974776f5924f994b4030e4efd25) Importer(815301076,1909f56bfc062723c751e8b465ee728b)  -> (artifact id: 'ef2e8179f46e2ab1d6065732b0d4b98f') in 0.006297 seconds
  Import took 0.009208 seconds .

========================================================================
Received Import Request.
  Time since last request: 16.936303 seconds.
  path: Assets/Sprites/FootprintL.png
  artifactKey: Guid(8087626493cf164409d450cedb99d042) Importer(815301076,1909f56bfc062723c751e8b465ee728b)
Start importing Assets/Sprites/FootprintL.png using Guid(8087626493cf164409d450cedb99d042) Importer(815301076,1909f56bfc062723c751e8b465ee728b)  -> (artifact id: 'fff81c4091e2378d036097b62d4b6ec3') in 0.048363 seconds
  Import took 0.051593 seconds .

========================================================================
Received Import Request.
  Time since last request: 0.000142 seconds.
  path: Assets/Sprites/FootprintR.png
  artifactKey: Guid(824df9c4c76a54842a72040dae964251) Importer(815301076,1909f56bfc062723c751e8b465ee728b)
Start importing Assets/Sprites/FootprintR.png using Guid(824df9c4c76a54842a72040dae964251) Importer(815301076,1909f56bfc062723c751e8b465ee728b)  -> (artifact id: 'cffe0c478673f187f09ac3b2522b190b') in 0.009766 seconds
  Import took 0.012235 seconds .

========================================================================
Received Import Request.
  Time since last request: 10.643614 seconds.
  path: Assets/Sprites/FootprintL.png
  artifactKey: Guid(8087626493cf164409d450cedb99d042) Importer(815301076,1909f56bfc062723c751e8b465ee728b)
Start importing Assets/Sprites/FootprintL.png using Guid(8087626493cf164409d450cedb99d042) Importer(815301076,1909f56bfc062723c751e8b465ee728b)  -> (artifact id: '2e73a65f27f2770de4566f67b98cb5ed') in 0.021733 seconds
  Import took 0.024192 seconds .

========================================================================
Received Import Request.
  Time since last request: 0.000238 seconds.
  path: Assets/Sprites/FootprintR.png
  artifactKey: Guid(824df9c4c76a54842a72040dae964251) Importer(815301076,1909f56bfc062723c751e8b465ee728b)
Start importing Assets/Sprites/FootprintR.png using Guid(824df9c4c76a54842a72040dae964251) Importer(815301076,1909f56bfc062723c751e8b465ee728b)  -> (artifact id: '09ba7908089fe60dec5cf4886f6b8fc3') in 0.014761 seconds
  Import took 0.017060 seconds .

========================================================================
Received Import Request.
  Time since last request: 0.000155 seconds.
  path: Assets/Sprites/FootprintL.png
  artifactKey: Guid(8087626493cf164409d450cedb99d042) Importer(815301076,1909f56bfc062723c751e8b465ee728b)
Start importing Assets/Sprites/FootprintL.png using Guid(8087626493cf164409d450cedb99d042) Importer(815301076,1909f56bfc062723c751e8b465ee728b)  -> (artifact id: '2e73a65f27f2770de4566f67b98cb5ed') in 0.005373 seconds
  Import took 0.007573 seconds .

========================================================================
Received Import Request.
  Time since last request: 103.156816 seconds.
  path: Assets/_Prefabs
  artifactKey: Guid(6a174da102eb19b45935f8f3d31b1197) Importer(815301076,1909f56bfc062723c751e8b465ee728b)
Start importing Assets/_Prefabs using Guid(6a174da102eb19b45935f8f3d31b1197) Importer(815301076,1909f56bfc062723c751e8b465ee728b)  -> (artifact id: '87ce22e91325994952366b3a431eb398') in 0.006588 seconds
  Import took 0.009003 seconds .

========================================================================
Received Import Request.
  Time since last request: 9.013482 seconds.
  path: Assets/Prefabs
  artifactKey: Guid(6a174da102eb19b45935f8f3d31b1197) Importer(815301076,1909f56bfc062723c751e8b465ee728b)
Start importing Assets/Prefabs using Guid(6a174da102eb19b45935f8f3d31b1197) Importer(815301076,1909f56bfc062723c751e8b465ee728b)  -> (artifact id: 'e2d22e1e1961a8d9e57baebe3befe379') in 0.009154 seconds
  Import took 0.011913 seconds .

========================================================================
Received Import Request.
  Time since last request: 7.801125 seconds.
  path: Assets/Prefabs/LeftFootprint.prefab
  artifactKey: Guid(7a26f34761ef7024fb038d430823b43d) Importer(815301076,1909f56bfc062723c751e8b465ee728b)
Start importing Assets/Prefabs/LeftFootprint.prefab using Guid(7a26f34761ef7024fb038d430823b43d) Importer(815301076,1909f56bfc062723c751e8b465ee728b)  -> (artifact id: 'df8085067af2e97b31aaabe8935d2255') in 0.033941 seconds
  Import took 0.036951 seconds .

========================================================================
Received Import Request.
  Time since last request: 1.624660 seconds.
  path: Assets/Prefabs/RightFootprint.prefab
  artifactKey: Guid(8ec6e5b4d3fe35145b500c0fad57623f) Importer(815301076,1909f56bfc062723c751e8b465ee728b)
Start importing Assets/Prefabs/RightFootprint.prefab using Guid(8ec6e5b4d3fe35145b500c0fad57623f) Importer(815301076,1909f56bfc062723c751e8b465ee728b)  -> (artifact id: 'ff562902bc3e5c7881a559c465045d96') in 0.012531 seconds
  Import took 0.015430 seconds .

========================================================================
Received Import Request.
  Time since last request: 1.619706 seconds.
  path: Assets/FirstPersion AIO Pack/FirstPersonAIO/FirstPerson-AIO.prefab
  artifactKey: Guid(2e62f5703e5f8d2488a5e1bc8433be41) Importer(815301076,1909f56bfc062723c751e8b465ee728b)
Start importing Assets/FirstPersion AIO Pack/FirstPersonAIO/FirstPerson-AIO.prefab using Guid(2e62f5703e5f8d2488a5e1bc8433be41) Importer(815301076,1909f56bfc062723c751e8b465ee728b)  -> (artifact id: 'fde3ab3831682c7469c7a1caf5fe7b2b') in 0.022937 seconds
  Import took 0.025606 seconds .

========================================================================
Received Import Request.
  Time since last request: 50.128449 seconds.
  path: Assets/Prefabs/LeftFootprint.prefab
  artifactKey: Guid(7a26f34761ef7024fb038d430823b43d) Importer(815301076,1909f56bfc062723c751e8b465ee728b)
Start importing Assets/Prefabs/LeftFootprint.prefab using Guid(7a26f34761ef7024fb038d430823b43d) Importer(815301076,1909f56bfc062723c751e8b465ee728b)  -> (artifact id: 'f958c50aaf2a87c53a88e0162d09c34c') in 0.007574 seconds
  Import took 0.010584 seconds .

========================================================================
Received Import Request.
  Time since last request: 3.357119 seconds.
  path: Assets/Prefabs/RightFootprint.prefab
  artifactKey: Guid(8ec6e5b4d3fe35145b500c0fad57623f) Importer(815301076,1909f56bfc062723c751e8b465ee728b)
Start importing Assets/Prefabs/RightFootprint.prefab using Guid(8ec6e5b4d3fe35145b500c0fad57623f) Importer(815301076,1909f56bfc062723c751e8b465ee728b)  -> (artifact id: '7f03b93d010e2e53c715a4907fd9182e') in 0.006917 seconds
  Import took 0.009643 seconds .

========================================================================
Received Import Request.
  Time since last request: 27.272074 seconds.
  path: Assets/Photon/PhotonUnityNetworking/Resources/Player.prefab
  artifactKey: Guid(0e8c6bdc0afa17b4983de3545af8e470) Importer(815301076,1909f56bfc062723c751e8b465ee728b)
Start importing Assets/Photon/PhotonUnityNetworking/Resources/Player.prefab using Guid(0e8c6bdc0afa17b4983de3545af8e470) Importer(815301076,1909f56bfc062723c751e8b465ee728b)  -> (artifact id: 'dd4847c61fc9b9152566aafc7a33517d') in 0.031866 seconds
  Import took 0.045239 seconds .

========================================================================
Received Import Request.
  Time since last request: 1.806533 seconds.
  path: Assets/Photon/PhotonUnityNetworking/Resources/Player.prefab
  artifactKey: Guid(0e8c6bdc0afa17b4983de3545af8e470) Importer(815301076,1909f56bfc062723c751e8b465ee728b)
Start importing Assets/Photon/PhotonUnityNetworking/Resources/Player.prefab using Guid(0e8c6bdc0afa17b4983de3545af8e470) Importer(815301076,1909f56bfc062723c751e8b465ee728b)  -> (artifact id: 'f561dc310bd09fd89891f1de3b770f00') in 0.025972 seconds
  Import took 0.029451 seconds .

========================================================================
Received Prepare
Registering precompiled user dll's ...
Registered in 0.003524 seconds.
Begin MonoManager ReloadAssembly
Native extension for WindowsStandalone target not found
Native extension for OSXStandalone target not found
Native extension for WebGL target not found
Refreshing native plugins compatible for Editor in 0.94 ms, found 2 plugins.
Preloading 0 native plugins for Editor in 0.00 ms.
RefreshInfo: StopAssetImportingV2(NoUpdateAssetOptions) scanfilter: 
RefreshProfiler: Total: 0.000ms
RefreshInfo: StopAssetImportingV2(NoUpdateAssetOptions) scanfilter: 
RefreshProfiler: Total: 0.000ms
Mono: successfully reloaded assembly
- Completed reload, in  0.924 seconds
Platform modules already initialized, skipping
Refreshing native plugins compatible for Editor in 0.82 ms, found 2 plugins.
Preloading 0 native plugins for Editor in 0.00 ms.
Unloading 1 Unused Serialized files (Serialized files now loaded: 0)
System memory in use before: 60.5 MB.
System memory in use after: 60.6 MB.

Unloading 147 unused Assets to reduce memory usage. Loaded Objects now: 2377.
Total: 2.486600 ms (FindLiveObjects: 0.218700 ms CreateObjectMapping: 0.063100 ms MarkObjects: 2.100800 ms  DeleteObjects: 0.102900 ms)

========================================================================
Received Import Request.
  Time since last request: 50.966980 seconds.
  path: Assets/FirstPersion AIO Pack/DemoScene/Sounds/sfx/Footsteps
  artifactKey: Guid(000f90e0e5395774e93a33014ebc9082) Importer(815301076,1909f56bfc062723c751e8b465ee728b)
Start importing Assets/FirstPersion AIO Pack/DemoScene/Sounds/sfx/Footsteps using Guid(000f90e0e5395774e93a33014ebc9082) Importer(815301076,1909f56bfc062723c751e8b465ee728b)  -> (artifact id: 'de3b1fe1a0a451e33e35a4801881a649') in 0.020886 seconds
  Import took 0.023582 seconds .

========================================================================
Received Import Request.
  Time since last request: 0.004051 seconds.
  path: Assets/FirstPersion AIO Pack/DemoScene/Sounds/sfx/Footsteps
  artifactKey: Guid(000f90e0e5395774e93a33014ebc9082) Importer(815301076,1909f56bfc062723c751e8b465ee728b)
Start importing Assets/FirstPersion AIO Pack/DemoScene/Sounds/sfx/Footsteps using Guid(000f90e0e5395774e93a33014ebc9082) Importer(815301076,1909f56bfc062723c751e8b465ee728b)  -> (artifact id: 'de3b1fe1a0a451e33e35a4801881a649') in 0.001573 seconds
  Import took 0.004028 seconds .

========================================================================
Received Import Request.
  Time since last request: 22.047262 seconds.
  path: Assets/Prefabs/LeftFootprint.prefab
  artifactKey: Guid(7a26f34761ef7024fb038d430823b43d) Importer(815301076,1909f56bfc062723c751e8b465ee728b)
Start importing Assets/Prefabs/LeftFootprint.prefab using Guid(7a26f34761ef7024fb038d430823b43d) Importer(815301076,1909f56bfc062723c751e8b465ee728b)  -> (artifact id: 'fc112aac6cc0bd7f00a8ef8f430ec604') in 0.049184 seconds
  Import took 0.051891 seconds .

========================================================================
Received Import Request.
  Time since last request: 4.133611 seconds.
  path: Assets/Prefabs/LeftFootprint.prefab
  artifactKey: Guid(7a26f34761ef7024fb038d430823b43d) Importer(815301076,1909f56bfc062723c751e8b465ee728b)
Start importing Assets/Prefabs/LeftFootprint.prefab using Guid(7a26f34761ef7024fb038d430823b43d) Importer(815301076,1909f56bfc062723c751e8b465ee728b)  -> (artifact id: '5b74d30c1c0269bb50aba5f88ef6d943') in 0.013211 seconds
  Import took 0.016693 seconds .

========================================================================
Received Import Request.
  Time since last request: 2.401791 seconds.
  path: Assets/Prefabs/LeftFootprint.prefab
  artifactKey: Guid(7a26f34761ef7024fb038d430823b43d) Importer(815301076,1909f56bfc062723c751e8b465ee728b)
Start importing Assets/Prefabs/LeftFootprint.prefab using Guid(7a26f34761ef7024fb038d430823b43d) Importer(815301076,1909f56bfc062723c751e8b465ee728b)  -> (artifact id: 'dd13ce279dd1dfd1a0926e094d222116') in 0.008408 seconds
  Import took 0.010999 seconds .

========================================================================
Received Import Request.
  Time since last request: 2.409281 seconds.
  path: Assets/Prefabs/LeftFootprint.prefab
  artifactKey: Guid(7a26f34761ef7024fb038d430823b43d) Importer(815301076,1909f56bfc062723c751e8b465ee728b)
Start importing Assets/Prefabs/LeftFootprint.prefab using Guid(7a26f34761ef7024fb038d430823b43d) Importer(815301076,1909f56bfc062723c751e8b465ee728b)  -> (artifact id: 'be894a32df77393ff5801c8c5604bdaf') in 0.008320 seconds
  Import took 0.011209 seconds .

========================================================================
Received Import Request.
  Time since last request: 2.463473 seconds.
  path: Assets/Prefabs/LeftFootprint.prefab
  artifactKey: Guid(7a26f34761ef7024fb038d430823b43d) Importer(815301076,1909f56bfc062723c751e8b465ee728b)
Start importing Assets/Prefabs/LeftFootprint.prefab using Guid(7a26f34761ef7024fb038d430823b43d) Importer(815301076,1909f56bfc062723c751e8b465ee728b)  -> (artifact id: '000f0a44e9eb3d64c1be144c30ac25b0') in 0.008178 seconds
  Import took 0.010971 seconds .

========================================================================
Received Import Request.
  Time since last request: 5.992276 seconds.
  path: Assets/Prefabs/LeftFootprint.prefab
  artifactKey: Guid(7a26f34761ef7024fb038d430823b43d) Importer(815301076,1909f56bfc062723c751e8b465ee728b)
Start importing Assets/Prefabs/LeftFootprint.prefab using Guid(7a26f34761ef7024fb038d430823b43d) Importer(815301076,1909f56bfc062723c751e8b465ee728b)  -> (artifact id: '74793b669995efc878892460eb019b9d') in 0.008315 seconds
  Import took 0.010898 seconds .

========================================================================
Received Import Request.
  Time since last request: 6.273958 seconds.
  path: Assets/Prefabs/RightFootprint.prefab
  artifactKey: Guid(8ec6e5b4d3fe35145b500c0fad57623f) Importer(815301076,1909f56bfc062723c751e8b465ee728b)
Start importing Assets/Prefabs/RightFootprint.prefab using Guid(8ec6e5b4d3fe35145b500c0fad57623f) Importer(815301076,1909f56bfc062723c751e8b465ee728b)  -> (artifact id: 'f88918d022fb45bb17e766f36eb884c7') in 0.009922 seconds
  Import took 0.013102 seconds .

========================================================================
Received Import Request.
  Time since last request: 1.577435 seconds.
  path: Assets/Prefabs/RightFootprint.prefab
  artifactKey: Guid(8ec6e5b4d3fe35145b500c0fad57623f) Importer(815301076,1909f56bfc062723c751e8b465ee728b)
Start importing Assets/Prefabs/RightFootprint.prefab using Guid(8ec6e5b4d3fe35145b500c0fad57623f) Importer(815301076,1909f56bfc062723c751e8b465ee728b)  -> (artifact id: '8cc52f7d9f1011d8e18001275ecacdcd') in 0.012045 seconds
  Import took 0.015252 seconds .

========================================================================
Received Import Request.
  Time since last request: 0.776175 seconds.
  path: Assets/Prefabs/RightFootprint.prefab
  artifactKey: Guid(8ec6e5b4d3fe35145b500c0fad57623f) Importer(815301076,1909f56bfc062723c751e8b465ee728b)
Start importing Assets/Prefabs/RightFootprint.prefab using Guid(8ec6e5b4d3fe35145b500c0fad57623f) Importer(815301076,1909f56bfc062723c751e8b465ee728b)  -> (artifact id: 'c4fb635a145d5d326c10403255013721') in 0.014534 seconds
  Import took 0.017110 seconds .

========================================================================
Received Import Request.
  Time since last request: 4.430853 seconds.
  path: Assets/Prefabs/RightFootprint.prefab
  artifactKey: Guid(8ec6e5b4d3fe35145b500c0fad57623f) Importer(815301076,1909f56bfc062723c751e8b465ee728b)
Start importing Assets/Prefabs/RightFootprint.prefab using Guid(8ec6e5b4d3fe35145b500c0fad57623f) Importer(815301076,1909f56bfc062723c751e8b465ee728b)  -> (artifact id: 'cd8d0cd048e5cb73dace415e0023c168') in 0.010058 seconds
  Import took 0.012635 seconds .

========================================================================
Received Prepare
Registering precompiled user dll's ...
Registered in 0.002779 seconds.
Begin MonoManager ReloadAssembly
Native extension for WindowsStandalone target not found
Native extension for OSXStandalone target not found
Native extension for WebGL target not found
Refreshing native plugins compatible for Editor in 0.74 ms, found 2 plugins.
Preloading 0 native plugins for Editor in 0.00 ms.
RefreshInfo: StopAssetImportingV2(NoUpdateAssetOptions) scanfilter: 
RefreshProfiler: Total: 0.000ms
RefreshInfo: StopAssetImportingV2(NoUpdateAssetOptions) scanfilter: 
RefreshProfiler: Total: 0.000ms
Mono: successfully reloaded assembly
- Completed reload, in  0.951 seconds
Platform modules already initialized, skipping
Refreshing native plugins compatible for Editor in 0.69 ms, found 2 plugins.
Preloading 0 native plugins for Editor in 0.00 ms.
Unloading 1 Unused Serialized files (Serialized files now loaded: 0)
System memory in use before: 60.5 MB.
System memory in use after: 60.6 MB.

Unloading 146 unused Assets to reduce memory usage. Loaded Objects now: 2381.
Total: 2.373200 ms (FindLiveObjects: 0.182700 ms CreateObjectMapping: 0.086400 ms MarkObjects: 2.005900 ms  DeleteObjects: 0.097500 ms)

========================================================================
Received Prepare
Registering precompiled user dll's ...
Registered in 0.002648 seconds.
Begin MonoManager ReloadAssembly
Native extension for WindowsStandalone target not found
Native extension for OSXStandalone target not found
Native extension for WebGL target not found
Refreshing native plugins compatible for Editor in 0.68 ms, found 2 plugins.
Preloading 0 native plugins for Editor in 0.00 ms.
RefreshInfo: StopAssetImportingV2(NoUpdateAssetOptions) scanfilter: 
RefreshProfiler: Total: 0.000ms
RefreshInfo: StopAssetImportingV2(NoUpdateAssetOptions) scanfilter: 
RefreshProfiler: Total: 0.000ms
Mono: successfully reloaded assembly
- Completed reload, in  0.857 seconds
Platform modules already initialized, skipping
Refreshing native plugins compatible for Editor in 0.67 ms, found 2 plugins.
Preloading 0 native plugins for Editor in 0.00 ms.
Unloading 1 Unused Serialized files (Serialized files now loaded: 0)
System memory in use before: 60.5 MB.
System memory in use after: 60.7 MB.

Unloading 146 unused Assets to reduce memory usage. Loaded Objects now: 2384.
Total: 1.962800 ms (FindLiveObjects: 0.176200 ms CreateObjectMapping: 0.068200 ms MarkObjects: 1.617600 ms  DeleteObjects: 0.099900 ms)

========================================================================
Received Prepare
Registering precompiled user dll's ...
Registered in 0.002671 seconds.
Begin MonoManager ReloadAssembly
Native extension for WindowsStandalone target not found
Native extension for OSXStandalone target not found
Native extension for WebGL target not found
Refreshing native plugins compatible for Editor in 0.68 ms, found 2 plugins.
Preloading 0 native plugins for Editor in 0.00 ms.
RefreshInfo: StopAssetImportingV2(NoUpdateAssetOptions) scanfilter: 
RefreshProfiler: Total: 0.000ms
RefreshInfo: StopAssetImportingV2(NoUpdateAssetOptions) scanfilter: 
RefreshProfiler: Total: 0.000ms
Mono: successfully reloaded assembly
- Completed reload, in  0.866 seconds
Platform modules already initialized, skipping
Refreshing native plugins compatible for Editor in 0.66 ms, found 2 plugins.
Preloading 0 native plugins for Editor in 0.00 ms.
Unloading 1 Unused Serialized files (Serialized files now loaded: 0)
System memory in use before: 60.5 MB.
System memory in use after: 60.7 MB.

Unloading 146 unused Assets to reduce memory usage. Loaded Objects now: 2387.
Total: 2.131800 ms (FindLiveObjects: 0.149300 ms CreateObjectMapping: 0.084100 ms MarkObjects: 1.786400 ms  DeleteObjects: 0.110900 ms)

========================================================================
Received Prepare
Registering precompiled user dll's ...
Registered in 0.002599 seconds.
Begin MonoManager ReloadAssembly
Native extension for WindowsStandalone target not found
Native extension for OSXStandalone target not found
Native extension for WebGL target not found
Refreshing native plugins compatible for Editor in 1.01 ms, found 2 plugins.
Preloading 0 native plugins for Editor in 0.00 ms.
RefreshInfo: StopAssetImportingV2(NoUpdateAssetOptions) scanfilter: 
RefreshProfiler: Total: 0.000ms
RefreshInfo: StopAssetImportingV2(NoUpdateAssetOptions) scanfilter: 
RefreshProfiler: Total: 0.000ms
Mono: successfully reloaded assembly
- Completed reload, in  0.946 seconds
Platform modules already initialized, skipping
Refreshing native plugins compatible for Editor in 1.07 ms, found 2 plugins.
Preloading 0 native plugins for Editor in 0.00 ms.
Unloading 1 Unused Serialized files (Serialized files now loaded: 0)
System memory in use before: 60.5 MB.
System memory in use after: 60.7 MB.

Unloading 146 unused Assets to reduce memory usage. Loaded Objects now: 2390.
Total: 2.132600 ms (FindLiveObjects: 0.186700 ms CreateObjectMapping: 0.070700 ms MarkObjects: 1.769900 ms  DeleteObjects: 0.104400 ms)

========================================================================
Received Prepare
Registering precompiled user dll's ...
Registered in 0.002661 seconds.
Begin MonoManager ReloadAssembly
Native extension for WindowsStandalone target not found
Native extension for OSXStandalone target not found
Native extension for WebGL target not found
Refreshing native plugins compatible for Editor in 1.21 ms, found 2 plugins.
Preloading 0 native plugins for Editor in 0.00 ms.
RefreshInfo: StopAssetImportingV2(NoUpdateAssetOptions) scanfilter: 
RefreshProfiler: Total: 0.000ms
RefreshInfo: StopAssetImportingV2(NoUpdateAssetOptions) scanfilter: 
RefreshProfiler: Total: 0.000ms
Mono: successfully reloaded assembly
- Completed reload, in  0.869 seconds
Platform modules already initialized, skipping
Refreshing native plugins compatible for Editor in 0.70 ms, found 2 plugins.
Preloading 0 native plugins for Editor in 0.00 ms.
Unloading 1 Unused Serialized files (Serialized files now loaded: 0)
System memory in use before: 60.5 MB.
System memory in use after: 60.7 MB.

Unloading 146 unused Assets to reduce memory usage. Loaded Objects now: 2393.
Total: 1.800200 ms (FindLiveObjects: 0.151900 ms CreateObjectMapping: 0.051100 ms MarkObjects: 1.505400 ms  DeleteObjects: 0.091100 ms)

========================================================================
Received Prepare
Registering precompiled user dll's ...
Registered in 0.003067 seconds.
Begin MonoManager ReloadAssembly
Native extension for WindowsStandalone target not found
Native extension for OSXStandalone target not found
Native extension for WebGL target not found
Refreshing native plugins compatible for Editor in 0.74 ms, found 2 plugins.
Preloading 0 native plugins for Editor in 0.00 ms.
RefreshInfo: StopAssetImportingV2(NoUpdateAssetOptions) scanfilter: 
RefreshProfiler: Total: 0.000ms
RefreshInfo: StopAssetImportingV2(NoUpdateAssetOptions) scanfilter: 
RefreshProfiler: Total: 0.000ms
Mono: successfully reloaded assembly
- Completed reload, in  0.928 seconds
Platform modules already initialized, skipping
Refreshing native plugins compatible for Editor in 1.03 ms, found 2 plugins.
Preloading 0 native plugins for Editor in 0.00 ms.
Unloading 1 Unused Serialized files (Serialized files now loaded: 0)
System memory in use before: 60.6 MB.
System memory in use after: 60.7 MB.

Unloading 146 unused Assets to reduce memory usage. Loaded Objects now: 2396.
Total: 2.156400 ms (FindLiveObjects: 0.239100 ms CreateObjectMapping: 0.084000 ms MarkObjects: 1.706900 ms  DeleteObjects: 0.125500 ms)

========================================================================
Received Prepare
Registering precompiled user dll's ...
Registered in 0.002693 seconds.
Begin MonoManager ReloadAssembly
Native extension for WindowsStandalone target not found
Native extension for OSXStandalone target not found
Native extension for WebGL target not found
Refreshing native plugins compatible for Editor in 0.73 ms, found 2 plugins.
Preloading 0 native plugins for Editor in 0.00 ms.
RefreshInfo: StopAssetImportingV2(NoUpdateAssetOptions) scanfilter: 
RefreshProfiler: Total: 0.000ms
RefreshInfo: StopAssetImportingV2(NoUpdateAssetOptions) scanfilter: 
RefreshProfiler: Total: 0.000ms
Mono: successfully reloaded assembly
- Completed reload, in  0.933 seconds
Platform modules already initialized, skipping
Refreshing native plugins compatible for Editor in 0.69 ms, found 2 plugins.
Preloading 0 native plugins for Editor in 0.00 ms.
Unloading 1 Unused Serialized files (Serialized files now loaded: 0)
System memory in use before: 60.6 MB.
System memory in use after: 60.7 MB.

Unloading 146 unused Assets to reduce memory usage. Loaded Objects now: 2399.
Total: 2.199000 ms (FindLiveObjects: 0.190200 ms CreateObjectMapping: 0.067400 ms MarkObjects: 1.834900 ms  DeleteObjects: 0.105200 ms)

========================================================================
Received Prepare
Registering precompiled user dll's ...
Registered in 0.003116 seconds.
Begin MonoManager ReloadAssembly
Native extension for WindowsStandalone target not found
Native extension for OSXStandalone target not found
Native extension for WebGL target not found
Refreshing native plugins compatible for Editor in 0.71 ms, found 2 plugins.
Preloading 0 native plugins for Editor in 0.00 ms.
RefreshInfo: StopAssetImportingV2(NoUpdateAssetOptions) scanfilter: 
RefreshProfiler: Total: 0.000ms
RefreshInfo: StopAssetImportingV2(NoUpdateAssetOptions) scanfilter: 
RefreshProfiler: Total: 0.000ms
Mono: successfully reloaded assembly
- Completed reload, in  0.936 seconds
Platform modules already initialized, skipping
Refreshing native plugins compatible for Editor in 0.70 ms, found 2 plugins.
Preloading 0 native plugins for Editor in 0.00 ms.
Unloading 1 Unused Serialized files (Serialized files now loaded: 0)
System memory in use before: 60.6 MB.
System memory in use after: 60.7 MB.

Unloading 146 unused Assets to reduce memory usage. Loaded Objects now: 2402.
Total: 2.119900 ms (FindLiveObjects: 0.222000 ms CreateObjectMapping: 0.074100 ms MarkObjects: 1.713700 ms  DeleteObjects: 0.109400 ms)

========================================================================
Received Prepare
Registering precompiled user dll's ...
Registered in 0.002709 seconds.
Begin MonoManager ReloadAssembly
Native extension for WindowsStandalone target not found
Native extension for OSXStandalone target not found
Native extension for WebGL target not found
Refreshing native plugins compatible for Editor in 1.06 ms, found 2 plugins.
Preloading 0 native plugins for Editor in 0.00 ms.
RefreshInfo: StopAssetImportingV2(NoUpdateAssetOptions) scanfilter: 
RefreshProfiler: Total: 0.000ms
RefreshInfo: StopAssetImportingV2(NoUpdateAssetOptions) scanfilter: 
RefreshProfiler: Total: 0.000ms
Mono: successfully reloaded assembly
- Completed reload, in  0.879 seconds
Platform modules already initialized, skipping
Refreshing native plugins compatible for Editor in 0.80 ms, found 2 plugins.
Preloading 0 native plugins for Editor in 0.00 ms.
Unloading 1 Unused Serialized files (Serialized files now loaded: 0)
System memory in use before: 60.6 MB.
System memory in use after: 60.7 MB.

Unloading 146 unused Assets to reduce memory usage. Loaded Objects now: 2405.
Total: 2.209200 ms (FindLiveObjects: 0.207200 ms CreateObjectMapping: 0.082000 ms MarkObjects: 1.823900 ms  DeleteObjects: 0.095200 ms)

========================================================================
Received Prepare
Registering precompiled user dll's ...
Registered in 0.002696 seconds.
Begin MonoManager ReloadAssembly
Native extension for WindowsStandalone target not found
Native extension for OSXStandalone target not found
Native extension for WebGL target not found
Refreshing native plugins compatible for Editor in 0.88 ms, found 2 plugins.
Preloading 0 native plugins for Editor in 0.00 ms.
RefreshInfo: StopAssetImportingV2(NoUpdateAssetOptions) scanfilter: 
RefreshProfiler: Total: 0.000ms
RefreshInfo: StopAssetImportingV2(NoUpdateAssetOptions) scanfilter: 
RefreshProfiler: Total: 0.000ms
Mono: successfully reloaded assembly
- Completed reload, in  0.936 seconds
Platform modules already initialized, skipping
Refreshing native plugins compatible for Editor in 0.75 ms, found 2 plugins.
Preloading 0 native plugins for Editor in 0.00 ms.
Unloading 1 Unused Serialized files (Serialized files now loaded: 0)
System memory in use before: 60.6 MB.
System memory in use after: 60.7 MB.

Unloading 146 unused Assets to reduce memory usage. Loaded Objects now: 2408.
Total: 2.217300 ms (FindLiveObjects: 0.200400 ms CreateObjectMapping: 0.065900 ms MarkObjects: 1.853300 ms  DeleteObjects: 0.097000 ms)

========================================================================
Received Import Request.
  Time since last request: 749.236791 seconds.
  path: Assets/Prefabs/LeftFootprint.prefab
  artifactKey: Guid(7a26f34761ef7024fb038d430823b43d) Importer(815301076,1909f56bfc062723c751e8b465ee728b)
Start importing Assets/Prefabs/LeftFootprint.prefab using Guid(7a26f34761ef7024fb038d430823b43d) Importer(815301076,1909f56bfc062723c751e8b465ee728b)  -> (artifact id: '44e7fbe8b5fb6ee7d252ff49a3ba05ec') in 0.075111 seconds
  Import took 0.077843 seconds .

========================================================================
Received Import Request.
  Time since last request: 0.003596 seconds.
  path: Assets/Prefabs/LeftFootprint.prefab
  artifactKey: Guid(7a26f34761ef7024fb038d430823b43d) Importer(815301076,1909f56bfc062723c751e8b465ee728b)
Start importing Assets/Prefabs/LeftFootprint.prefab using Guid(7a26f34761ef7024fb038d430823b43d) Importer(815301076,1909f56bfc062723c751e8b465ee728b)  -> (artifact id: '44e7fbe8b5fb6ee7d252ff49a3ba05ec') in 0.012016 seconds
  Import took 0.014680 seconds .

========================================================================
Received Import Request.
  Time since last request: 2.529814 seconds.
  path: Assets/Prefabs/RightFootprint.prefab
  artifactKey: Guid(8ec6e5b4d3fe35145b500c0fad57623f) Importer(815301076,1909f56bfc062723c751e8b465ee728b)
Start importing Assets/Prefabs/RightFootprint.prefab using Guid(8ec6e5b4d3fe35145b500c0fad57623f) Importer(815301076,1909f56bfc062723c751e8b465ee728b)  -> (artifact id: '524cffca95e181220fe140fab93c78f5') in 0.010535 seconds
  Import took 0.013695 seconds .

========================================================================
Received Prepare
Registering precompiled user dll's ...
Registered in 0.002650 seconds.
Begin MonoManager ReloadAssembly
Native extension for WindowsStandalone target not found
Native extension for OSXStandalone target not found
Native extension for WebGL target not found
Refreshing native plugins compatible for Editor in 0.81 ms, found 2 plugins.
Preloading 0 native plugins for Editor in 0.00 ms.
RefreshInfo: StopAssetImportingV2(NoUpdateAssetOptions) scanfilter: 
RefreshProfiler: Total: 0.000ms
RefreshInfo: StopAssetImportingV2(NoUpdateAssetOptions) scanfilter: 
RefreshProfiler: Total: 0.000ms
Mono: successfully reloaded assembly
- Completed reload, in  0.918 seconds
Platform modules already initialized, skipping
Refreshing native plugins compatible for Editor in 0.98 ms, found 2 plugins.
Preloading 0 native plugins for Editor in 0.00 ms.
Unloading 1 Unused Serialized files (Serialized files now loaded: 0)
System memory in use before: 60.6 MB.
System memory in use after: 60.7 MB.

Unloading 146 unused Assets to reduce memory usage. Loaded Objects now: 2412.
Total: 2.643600 ms (FindLiveObjects: 0.291800 ms CreateObjectMapping: 0.089900 ms MarkObjects: 2.154400 ms  DeleteObjects: 0.105700 ms)

========================================================================
Received Import Request.
  Time since last request: 45.984617 seconds.
  path: Assets/Prefabs/LeftFootprint.prefab
  artifactKey: Guid(7a26f34761ef7024fb038d430823b43d) Importer(815301076,1909f56bfc062723c751e8b465ee728b)
Start importing Assets/Prefabs/LeftFootprint.prefab using Guid(7a26f34761ef7024fb038d430823b43d) Importer(815301076,1909f56bfc062723c751e8b465ee728b)  -> (artifact id: '346aeb08a4cedd64561252294a8ae297') in 0.043526 seconds
  Import took 0.046673 seconds .

========================================================================
Received Import Request.
  Time since last request: 7.777650 seconds.
  path: Assets/Prefabs/LeftFootprint.prefab
  artifactKey: Guid(7a26f34761ef7024fb038d430823b43d) Importer(815301076,1909f56bfc062723c751e8b465ee728b)
Start importing Assets/Prefabs/LeftFootprint.prefab using Guid(7a26f34761ef7024fb038d430823b43d) Importer(815301076,1909f56bfc062723c751e8b465ee728b)  -> (artifact id: '7e2f22c2875c5033f31852c560ddb454') in 0.009122 seconds
  Import took 0.012326 seconds .

========================================================================
Received Import Request.
  Time since last request: 10.888995 seconds.
  path: Assets/Prefabs/LeftFootprint.prefab
  artifactKey: Guid(7a26f34761ef7024fb038d430823b43d) Importer(815301076,1909f56bfc062723c751e8b465ee728b)
Start importing Assets/Prefabs/LeftFootprint.prefab using Guid(7a26f34761ef7024fb038d430823b43d) Importer(815301076,1909f56bfc062723c751e8b465ee728b)  -> (artifact id: '7c8ef69fe72695818adfa88289a0e602') in 0.008609 seconds
  Import took 0.011566 seconds .

========================================================================
Received Import Request.
  Time since last request: 4.909767 seconds.
  path: Assets/Prefabs/RightFootprint.prefab
  artifactKey: Guid(8ec6e5b4d3fe35145b500c0fad57623f) Importer(815301076,1909f56bfc062723c751e8b465ee728b)
Start importing Assets/Prefabs/RightFootprint.prefab using Guid(8ec6e5b4d3fe35145b500c0fad57623f) Importer(815301076,1909f56bfc062723c751e8b465ee728b)  -> (artifact id: '7652f460e1c8740bf3312a2444c32a5a') in 0.009854 seconds
  Import took 0.012544 seconds .

========================================================================
Received Import Request.
  Time since last request: 3.751315 seconds.
  path: Assets/Prefabs/RightFootprint.prefab
  artifactKey: Guid(8ec6e5b4d3fe35145b500c0fad57623f) Importer(815301076,1909f56bfc062723c751e8b465ee728b)
Start importing Assets/Prefabs/RightFootprint.prefab using Guid(8ec6e5b4d3fe35145b500c0fad57623f) Importer(815301076,1909f56bfc062723c751e8b465ee728b)  -> (artifact id: 'eee9aad9eb23dec4dcd568bc5a82d8a6') in 0.008925 seconds
  Import took 0.012459 seconds .

========================================================================
Received Prepare
Registering precompiled user dll's ...
Registered in 0.002637 seconds.
Begin MonoManager ReloadAssembly
Native extension for WindowsStandalone target not found
Native extension for OSXStandalone target not found
Native extension for WebGL target not found
Refreshing native plugins compatible for Editor in 0.90 ms, found 2 plugins.
Preloading 0 native plugins for Editor in 0.00 ms.
RefreshInfo: StopAssetImportingV2(NoUpdateAssetOptions) scanfilter: 
RefreshProfiler: Total: 0.000ms
RefreshInfo: StopAssetImportingV2(NoUpdateAssetOptions) scanfilter: 
RefreshProfiler: Total: 0.000ms
Mono: successfully reloaded assembly
- Completed reload, in  0.920 seconds
Platform modules already initialized, skipping
Refreshing native plugins compatible for Editor in 0.75 ms, found 2 plugins.
Preloading 0 native plugins for Editor in 0.00 ms.
Unloading 1 Unused Serialized files (Serialized files now loaded: 0)
System memory in use before: 60.6 MB.
System memory in use after: 60.8 MB.

Unloading 146 unused Assets to reduce memory usage. Loaded Objects now: 2416.
Total: 2.152700 ms (FindLiveObjects: 0.195000 ms CreateObjectMapping: 0.066400 ms MarkObjects: 1.798700 ms  DeleteObjects: 0.092000 ms)

========================================================================
Received Import Request.
  Time since last request: 7.006766 seconds.
  path: Assets/Prefabs/RightFootprint.prefab
  artifactKey: Guid(8ec6e5b4d3fe35145b500c0fad57623f) Importer(815301076,1909f56bfc062723c751e8b465ee728b)
Start importing Assets/Prefabs/RightFootprint.prefab using Guid(8ec6e5b4d3fe35145b500c0fad57623f) Importer(815301076,1909f56bfc062723c751e8b465ee728b)  -> (artifact id: 'bda7e99cb335a52e4effe439fe7eb431') in 0.045932 seconds
  Import took 0.048661 seconds .

========================================================================
Received Prepare
Registering precompiled user dll's ...
Registered in 0.002596 seconds.
Begin MonoManager ReloadAssembly
Native extension for WindowsStandalone target not found
Native extension for OSXStandalone target not found
Native extension for WebGL target not found
Refreshing native plugins compatible for Editor in 0.71 ms, found 2 plugins.
Preloading 0 native plugins for Editor in 0.00 ms.
RefreshInfo: StopAssetImportingV2(NoUpdateAssetOptions) scanfilter: 
RefreshProfiler: Total: 0.000ms
RefreshInfo: StopAssetImportingV2(NoUpdateAssetOptions) scanfilter: 
RefreshProfiler: Total: 0.000ms
Mono: successfully reloaded assembly
- Completed reload, in  0.891 seconds
Platform modules already initialized, skipping
Refreshing native plugins compatible for Editor in 0.68 ms, found 2 plugins.
Preloading 0 native plugins for Editor in 0.00 ms.
Unloading 1 Unused Serialized files (Serialized files now loaded: 0)
System memory in use before: 60.7 MB.
System memory in use after: 60.8 MB.

Unloading 146 unused Assets to reduce memory usage. Loaded Objects now: 2420.
Total: 2.690700 ms (FindLiveObjects: 0.169000 ms CreateObjectMapping: 0.130800 ms MarkObjects: 2.288900 ms  DeleteObjects: 0.101000 ms)

========================================================================
Received Prepare
Registering precompiled user dll's ...
Registered in 0.002753 seconds.
Begin MonoManager ReloadAssembly
Native extension for WindowsStandalone target not found
Native extension for OSXStandalone target not found
Native extension for WebGL target not found
Refreshing native plugins compatible for Editor in 0.73 ms, found 2 plugins.
Preloading 0 native plugins for Editor in 0.00 ms.
RefreshInfo: StopAssetImportingV2(NoUpdateAssetOptions) scanfilter: 
RefreshProfiler: Total: 0.000ms
RefreshInfo: StopAssetImportingV2(NoUpdateAssetOptions) scanfilter: 
RefreshProfiler: Total: 0.000ms
Mono: successfully reloaded assembly
- Completed reload, in  0.960 seconds
Platform modules already initialized, skipping
Refreshing native plugins compatible for Editor in 0.79 ms, found 2 plugins.
Preloading 0 native plugins for Editor in 0.00 ms.
Unloading 1 Unused Serialized files (Serialized files now loaded: 0)
System memory in use before: 60.7 MB.
System memory in use after: 60.8 MB.

Unloading 146 unused Assets to reduce memory usage. Loaded Objects now: 2423.
Total: 2.288500 ms (FindLiveObjects: 0.229200 ms CreateObjectMapping: 0.081000 ms MarkObjects: 1.877700 ms  DeleteObjects: 0.099600 ms)

